<html><head><title>Automation Test Failure Report</title><meta charset='utf-8' /><style>body{font-family:Segoe UI,system-ui,Arial,sans-serif;margin:18px;color:#0f172a;background:#fafafa;}.kpi{display:grid;grid-template-columns:repeat(6,1fr);gap:12px;margin:10px 0 18px;}.card{background:#fff;border:1px solid #e6e6e6;border-radius:8px;padding:12px;text-align:center;}.num{font-weight:700;font-size:20px;}.bad-b{background:#fef2f2;border-color:#fecaca;}table{border-collapse:collapse;width:100%;background:#fff;border-radius:10px;box-shadow:0 1px 2px rgba(0,0,0,.04);}th,td{border:1px solid #e6e6e6;padding:10px;vertical-align:top;font-size:14px;}th{background:#f4f6f8;text-transform:uppercase;font-size:12px;letter-spacing:.04em;color:#334155;}.muted{color:#64748b;}.collapsible{background:#f1f5f9;border:1px solid #e5e7eb;border-radius:6px;padding:6px;cursor:pointer;}.collapsible:after{content:'â–¼';font-size:10px;float:right;}.content{padding:8px 10px;border-top:1px dashed #e5e7eb;display:none;}tr:nth-child(even){background:#f9f9f9;}</style><script>function toggle(id){var el=document.getElementById(id);el.style.display=el.style.display=='block'?'none':'block';}</script></head><body><h1>Automation Test Failure Report</h1><div class='muted'>Generated: Thu Sep 18 10:58:13 IST 2025</div><h2>Suite: ParallelSuite</h2><div class='kpi'><div class='card num bad-b'>Failed<br>2</div><div class='card num'>Total<br>2</div><div class='card'>Duration (ms)<br>161803</div></div><div style='margin:15px 0;'>Test User: <b>Unknown</b></div><div class='kpi'><div class='card'>Start<br>Thu Sep 18 10:55:30 IST 2025</div><div class='card'>End<br>Thu Sep 18 10:58:12 IST 2025</div></div><table><thead><tr><th>#</th><th>Class</th><th>Method</th><th>Status</th><th>Start</th><th>End</th><th>Duration (ms)</th><th>Logs</th><th>Error</th></tr></thead><tbody><tr><td>1</td><td>Test.NewAccountModule</td><td>NewAccAdd</td><td style='color:red;font-weight:bold;'>Failed</td><td>Thu Sep 18 10:56:06 IST 2025</td><td>Thu Sep 18 10:58:12 IST 2025</td><td>126174</td><td><div class='collapsible' onclick='toggle("logs1")'>Logs(click to expand/collapse)</div><div class='content' id='logs1'>Logs placeholder or integrate with your actual logs</div></td><td><div class='collapsible bad-b' onclick='toggle("err1")'>View error (click to expand/collapse)</div><div class='content' id='err1'>org.openqa.selenium.NoSuchElementException: no such element: Unable to locate element: {"method":"xpath","selector":"//button[contains(text(),'Create')]"}
  (Session info: chrome=140.0.7339.128)
For documentation on this error, please visit: https://www.selenium.dev/documentation/webdriver/troubleshooting/errors#no-such-element-exception
Build info: version: '4.22.0', revision: 'c5f3146703'
System info: os.name: 'Windows 10', os.arch: 'amd64', os.version: '10.0', java.version: '21.0.1'
Driver info: org.openqa.selenium.chrome.ChromeDriver
Command: [6cf8d7d6fe82435a4f9566ca585ee141, findElement {using=xpath, value=//button[contains(text(),'Create')]}]
Capabilities {acceptInsecureCerts: false, browserName: chrome, browserVersion: 140.0.7339.128, chrome: {chromedriverVersion: 140.0.7339.82 (bc93617e21c3..., userDataDir: C:\Users\SSMOHA~1\AppData\L...}, fedcm:accounts: true, goog:chromeOptions: {debuggerAddress: localhost:57955}, networkConnectionEnabled: false, pageLoadStrategy: normal, platformName: windows, proxy: Proxy(), se:cdp: ws://localhost:57955/devtoo..., se:cdpVersion: 140.0.7339.128, setWindowRect: true, strictFileInteractability: false, timeouts: {implicit: 0, pageLoad: 300000, script: 30000}, unhandledPromptBehavior: dismiss and notify, webauthn:extension:credBlob: true, webauthn:extension:largeBlob: true, webauthn:extension:minPinLength: true, webauthn:extension:prf: true, webauthn:virtualAuthenticators: true}
Session ID: 6cf8d7d6fe82435a4f9566ca585ee141&lt;br/&gt;no such element: Unable to locate element: {"method":"xpath","selector":"//button[contains(text(),'Create')]"}
  (Session info: chrome=140.0.7339.128)
For documentation on this error, please visit: https://www.selenium.dev/documentation/webdriver/troubleshooting/errors#no-such-element-exception
Build info: version: '4.22.0', revision: 'c5f3146703'
System info: os.name: 'Windows 10', os.arch: 'amd64', os.version: '10.0', java.version: '21.0.1'
Driver info: org.openqa.selenium.chrome.ChromeDriver
Command: [6cf8d7d6fe82435a4f9566ca585ee141, findElement {using=xpath, value=//button[contains(text(),'Create')]}]
Capabilities {acceptInsecureCerts: false, browserName: chrome, browserVersion: 140.0.7339.128, chrome: {chromedriverVersion: 140.0.7339.82 (bc93617e21c3..., userDataDir: C:\Users\SSMOHA~1\AppData\L...}, fedcm:accounts: true, goog:chromeOptions: {debuggerAddress: localhost:57955}, networkConnectionEnabled: false, pageLoadStrategy: normal, platformName: windows, proxy: Proxy(), se:cdp: ws://localhost:57955/devtoo..., se:cdpVersion: 140.0.7339.128, setWindowRect: true, strictFileInteractability: false, timeouts: {implicit: 0, pageLoad: 300000, script: 30000}, unhandledPromptBehavior: dismiss and notify, webauthn:extension:credBlob: true, webauthn:extension:largeBlob: true, webauthn:extension:minPinLength: true, webauthn:extension:prf: true, webauthn:virtualAuthenticators: true}
Session ID: 6cf8d7d6fe82435a4f9566ca585ee141</div></td></tr><tr><td>2</td><td>Test.Login</td><td>loginToSoftware</td><td style='color:red;font-weight:bold;'>Failed</td><td>Thu Sep 18 10:55:30 IST 2025</td><td>Thu Sep 18 10:56:05 IST 2025</td><td>35629</td><td><div class='collapsible' onclick='toggle("logs2")'>Logs(click to expand/collapse)</div><div class='content' id='logs2'>Logs placeholder or integrate with your actual logs</div></td><td><div class='collapsible bad-b' onclick='toggle("err2")'>View error (click to expand/collapse)</div><div class='content' id='err2'>org.openqa.selenium.TimeoutException: Expected condition failed: waiting for at least one condition to be valid: url to contain "/qms". Current url: "https://evaerp.cloud/" || element to no longer be visible: By.xpath: //button[.//span[normalize-space()='Login'] or normalize-space()='Login' or normalize-space()='Sign in' or .=' Sign in '] | //div[@class='w-100 d-grid']//button | //*[@role='button' and (normalize-space()='Login' or .//span[normalize-space()='Login'])] (tried for 20 second(s) with 500 milliseconds interval)
Build info: version: '4.22.0', revision: 'c5f3146703'
System info: os.name: 'Windows 10', os.arch: 'amd64', os.version: '10.0', java.version: '21.0.1'
Driver info: org.openqa.selenium.chrome.ChromeDriver
Capabilities {acceptInsecureCerts: false, browserName: chrome, browserVersion: 140.0.7339.128, chrome: {chromedriverVersion: 140.0.7339.82 (bc93617e21c3..., userDataDir: C:\Users\SSMOHA~1\AppData\L...}, fedcm:accounts: true, goog:chromeOptions: {debuggerAddress: localhost:57898}, networkConnectionEnabled: false, pageLoadStrategy: normal, platformName: windows, proxy: Proxy(), se:cdp: ws://localhost:57898/devtoo..., se:cdpVersion: 140.0.7339.128, setWindowRect: true, strictFileInteractability: false, timeouts: {implicit: 0, pageLoad: 300000, script: 30000}, unhandledPromptBehavior: dismiss and notify, webauthn:extension:credBlob: true, webauthn:extension:largeBlob: true, webauthn:extension:minPinLength: true, webauthn:extension:prf: true, webauthn:virtualAuthenticators: true}
Session ID: 32983928b715702d0263af79e851e568&lt;br/&gt;Expected condition failed: waiting for at least one condition to be valid: url to contain "/qms". Current url: "https://evaerp.cloud/" || element to no longer be visible: By.xpath: //button[.//span[normalize-space()='Login'] or normalize-space()='Login' or normalize-space()='Sign in' or .=' Sign in '] | //div[@class='w-100 d-grid']//button | //*[@role='button' and (normalize-space()='Login' or .//span[normalize-space()='Login'])] (tried for 20 second(s) with 500 milliseconds interval)
Build info: version: '4.22.0', revision: 'c5f3146703'
System info: os.name: 'Windows 10', os.arch: 'amd64', os.version: '10.0', java.version: '21.0.1'
Driver info: org.openqa.selenium.chrome.ChromeDriver
Capabilities {acceptInsecureCerts: false, browserName: chrome, browserVersion: 140.0.7339.128, chrome: {chromedriverVersion: 140.0.7339.82 (bc93617e21c3..., userDataDir: C:\Users\SSMOHA~1\AppData\L...}, fedcm:accounts: true, goog:chromeOptions: {debuggerAddress: localhost:57898}, networkConnectionEnabled: false, pageLoadStrategy: normal, platformName: windows, proxy: Proxy(), se:cdp: ws://localhost:57898/devtoo..., se:cdpVersion: 140.0.7339.128, setWindowRect: true, strictFileInteractability: false, timeouts: {implicit: 0, pageLoad: 300000, script: 30000}, unhandledPromptBehavior: dismiss and notify, webauthn:extension:credBlob: true, webauthn:extension:largeBlob: true, webauthn:extension:minPinLength: true, webauthn:extension:prf: true, webauthn:virtualAuthenticators: true}
Session ID: 32983928b715702d0263af79e851e568</div></td></tr></tbody></table></body></html>